#
# There is insufficient memory for the Java Runtime Environment to continue.
# Native memory allocation (malloc) failed to allocate 32744 bytes for ChunkPool::allocate
# Possible reasons:
#   The system is out of physical RAM or swap space
#   The process is running with CompressedOops enabled, and the Java Heap may be blocking the growth of the native heap
# Possible solutions:
#   Reduce memory load on the system
#   Increase physical memory or swap space
#   Check if swap backing store is full
#   Decrease Java heap size (-Xmx/-Xms)
#   Decrease number of Java threads
#   Decrease Java thread stack sizes (-Xss)
#   Set larger code cache with -XX:ReservedCodeCacheSize=
#   JVM is running with Unscaled Compressed Oops mode in which the Java heap is
#     placed in the first 4GB address space. The Java Heap base address is the
#     maximum limit for the native heap growth. Please use -XX:HeapBaseMinAddress
#     to set the Java Heap base and to place the Java Heap above 4GB virtual address.
# This output file may be truncated or incomplete.
#
#  Out of Memory Error (./src/hotspot/share/memory/arena.cpp:81), pid=6592, tid=3188
#
# JRE version: OpenJDK Runtime Environment 18.9 (11.0.15+10) (build 11.0.15+10)
# Java VM: OpenJDK 64-Bit Server VM 18.9 (11.0.15+10, mixed mode, tiered, compressed oops, g1 gc, windows-amd64)
# No core dump will be written. Minidumps are not enabled by default on client versions of Windows
#

---------------  S U M M A R Y ------------

Command Line: -Dfile.encoding=utf8 c:\Users\Ricar\.vscode\extensions\vscjava.vscode-gradle-3.12.6\lib\gradle-language-server.jar

Host: Intel(R) Core(TM) i7-4500U CPU @ 1.80GHz, 4 cores, 5G,  Windows 10 , 64 bit Build 19041 (10.0.19041.2364)
Time: Mon Dec 19 20:02:45 2022 Hora est. Pacífico, Sudamérica elapsed time: 6.474717 seconds (0d 0h 0m 6s)

---------------  T H R E A D  ---------------

Current thread (0x00000294cb8aa000):  JavaThread "C1 CompilerThread0" daemon [_thread_in_native, id=3188, stack(0x000000a237f00000,0x000000a238000000)]


Current CompileTask:
C1:   6474  279       3       java.math.BigInteger::<init> (404 bytes)

Stack: [0x000000a237f00000,0x000000a238000000]
Native frames: (J=compiled Java code, j=interpreted, Vv=VM code, C=native code)
V  [jvm.dll+0x64dd3a]
V  [jvm.dll+0x7906c9]
V  [jvm.dll+0x791d9c]
V  [jvm.dll+0x792463]
V  [jvm.dll+0x265048]
V  [jvm.dll+0xc9ffb]
V  [jvm.dll+0xca35c]
V  [jvm.dll+0x1830b4]
V  [jvm.dll+0x17f149]
V  [jvm.dll+0x18176b]
V  [jvm.dll+0x183581]
V  [jvm.dll+0x136c8f]
V  [jvm.dll+0x136499]
V  [jvm.dll+0x1366cf]
V  [jvm.dll+0x135844]
V  [jvm.dll+0x1378e7]
V  [jvm.dll+0x22cc80]
V  [jvm.dll+0x22af81]
V  [jvm.dll+0x75254c]
V  [jvm.dll+0x74b12d]
V  [jvm.dll+0x64c8a6]
C  [ucrtbase.dll+0x21bb2]
C  [KERNEL32.DLL+0x17614]
C  [ntdll.dll+0x526a1]


---------------  P R O C E S S  ---------------

Threads class SMR info:
_java_thread_list=0x00000294cb9f8ee0, length=10, elements={
0x00000294abb3b000, 0x00000294caf11800, 0x00000294caf0a000, 0x00000294caf60000,
0x00000294caf61800, 0x00000294cb8a0800, 0x00000294cb8a3000, 0x00000294cb8aa000,
0x00000294cb8af000, 0x00000294cba10800
}

Java Threads: ( => current thread )
  0x00000294abb3b000 JavaThread "main" [_thread_blocked, id=11636, stack(0x000000a237200000,0x000000a237300000)]
  0x00000294caf11800 JavaThread "Reference Handler" daemon [_thread_blocked, id=10800, stack(0x000000a237900000,0x000000a237a00000)]
  0x00000294caf0a000 JavaThread "Finalizer" daemon [_thread_blocked, id=12684, stack(0x000000a237a00000,0x000000a237b00000)]
  0x00000294caf60000 JavaThread "Signal Dispatcher" daemon [_thread_blocked, id=9428, stack(0x000000a237b00000,0x000000a237c00000)]
  0x00000294caf61800 JavaThread "Attach Listener" daemon [_thread_blocked, id=7952, stack(0x000000a237c00000,0x000000a237d00000)]
  0x00000294cb8a0800 JavaThread "Service Thread" daemon [_thread_blocked, id=5248, stack(0x000000a237d00000,0x000000a237e00000)]
  0x00000294cb8a3000 JavaThread "C2 CompilerThread0" daemon [_thread_in_native, id=13256, stack(0x000000a237e00000,0x000000a237f00000)]
=>0x00000294cb8aa000 JavaThread "C1 CompilerThread0" daemon [_thread_in_native, id=3188, stack(0x000000a237f00000,0x000000a238000000)]
  0x00000294cb8af000 JavaThread "Sweeper thread" daemon [_thread_blocked, id=12284, stack(0x000000a238000000,0x000000a238100000)]
  0x00000294cba10800 JavaThread "Common-Cleaner" daemon [_thread_blocked, id=13128, stack(0x000000a238200000,0x000000a238300000)]

Other Threads:
  0x00000294caedb800 VMThread "VM Thread" [stack: 0x000000a237800000,0x000000a237900000] [id=3896]
  0x00000294cba0c000 WatcherThread [stack: 0x000000a238100000,0x000000a238200000] [id=2120]
  0x00000294abb52800 GCTaskThread "GC Thread#0" [stack: 0x000000a237300000,0x000000a237400000] [id=1648]
  0x00000294cb9b3000 GCTaskThread "GC Thread#1" [stack: 0x000000a238300000,0x000000a238400000] [id=9312]
  0x00000294abb78800 ConcurrentGCThread "G1 Main Marker" [stack: 0x000000a237400000,0x000000a237500000] [id=13060]
  0x00000294abb7b000 ConcurrentGCThread "G1 Conc#0" [stack: 0x000000a237500000,0x000000a237600000] [id=5700]
  0x00000294abbee800 ConcurrentGCThread "G1 Refine#0" [stack: 0x000000a237600000,0x000000a237700000] [id=7464]
  0x00000294abbef800 ConcurrentGCThread "G1 Young RemSet Sampling" [stack: 0x000000a237700000,0x000000a237800000] [id=7996]

Threads with active compile tasks:
C2 CompilerThread0    12505  282       4       java.math.BigInteger::destructiveMulAdd (150 bytes)
C1 CompilerThread0    12505  279       3       java.math.BigInteger::<init> (404 bytes)

VM state:at safepoint (normal execution)

VM Mutex/Monitor currently owned by a thread:  ([mutex/lock_event])
[0x00000294abb37450] Threads_lock - owner thread: 0x00000294caedb800
[0x00000294abb377b0] Heap_lock - owner thread: 0x00000294abb3b000

Heap address: 0x00000000a1800000, size: 1512 MB, Compressed Oops mode: 32-bit
Narrow klass base: 0x0000000000000000, Narrow klass shift: 3
Compressed class space size: 1073741824 Address: 0x0000000100000000

Heap:
 garbage-first heap   total 98304K, used 2230K [0x00000000a1800000, 0x0000000100000000)
  region size 1024K, 2 young (2048K), 2 survivors (2048K)
 Metaspace       used 7501K, capacity 7530K, committed 7680K, reserved 1064960K
  class space    used 634K, capacity 654K, committed 768K, reserved 1048576K
Heap Regions: E=young(eden), S=young(survivor), O=old, HS=humongous(starts), HC=humongous(continues), CS=collection set, F=free, A=archive, TAMS=top-at-mark-start (previous, next)
|   0|0x00000000a1800000, 0x00000000a182da00, 0x00000000a1900000| 17%| O|  |TAMS 0x00000000a1800000, 0x00000000a182da00| Untracked 
|   1|0x00000000a1900000, 0x00000000a1900000, 0x00000000a1a00000|  0%| F|  |TAMS 0x00000000a1900000, 0x00000000a1900000| Untracked 
|   2|0x00000000a1a00000, 0x00000000a1a00000, 0x00000000a1b00000|  0%| F|  |TAMS 0x00000000a1a00000, 0x00000000a1a00000| Untracked 
|   3|0x00000000a1b00000, 0x00000000a1b00000, 0x00000000a1c00000|  0%| F|  |TAMS 0x00000000a1b00000, 0x00000000a1b00000| Untracked 
|   4|0x00000000a1c00000, 0x00000000a1c00000, 0x00000000a1d00000|  0%| F|  |TAMS 0x00000000a1c00000, 0x00000000a1c00000| Untracked 
|   5|0x00000000a1d00000, 0x00000000a1d00000, 0x00000000a1e00000|  0%| F|  |TAMS 0x00000000a1d00000, 0x00000000a1d00000| Untracked 
|   6|0x00000000a1e00000, 0x00000000a1e00000, 0x00000000a1f00000|  0%| F|  |TAMS 0x00000000a1e00000, 0x00000000a1e00000| Untracked 
|   7|0x00000000a1f00000, 0x00000000a1f00000, 0x00000000a2000000|  0%| F|  |TAMS 0x00000000a1f00000, 0x00000000a1f00000| Untracked 
|   8|0x00000000a2000000, 0x00000000a2000000, 0x00000000a2100000|  0%| F|  |TAMS 0x00000000a2000000, 0x00000000a2000000| Untracked 
|   9|0x00000000a2100000, 0x00000000a2100000, 0x00000000a2200000|  0%| F|  |TAMS 0x00000000a2100000, 0x00000000a2100000| Untracked 
|  10|0x00000000a2200000, 0x00000000a2200000, 0x00000000a2300000|  0%| F|  |TAMS 0x00000000a2200000, 0x00000000a2200000| Untracked 
|  11|0x00000000a2300000, 0x00000000a2300000, 0x00000000a2400000|  0%| F|  |TAMS 0x00000000a2300000, 0x00000000a2300000| Untracked 
|  12|0x00000000a2400000, 0x00000000a2400000, 0x00000000a2500000|  0%| F|  |TAMS 0x00000000a2400000, 0x00000000a2400000| Untracked 
|  13|0x00000000a2500000, 0x00000000a2500000, 0x00000000a2600000|  0%| F|  |TAMS 0x00000000a2500000, 0x00000000a2500000| Untracked 
|  14|0x00000000a2600000, 0x00000000a2600000, 0x00000000a2700000|  0%| F|  |TAMS 0x00000000a2600000, 0x00000000a2600000| Untracked 
|  15|0x00000000a2700000, 0x00000000a2700000, 0x00000000a2800000|  0%| F|  |TAMS 0x00000000a2700000, 0x00000000a2700000| Untracked 
|  16|0x00000000a2800000, 0x00000000a2800000, 0x00000000a2900000|  0%| F|  |TAMS 0x00000000a2800000, 0x00000000a2800000| Untracked 
|  17|0x00000000a2900000, 0x00000000a2900000, 0x00000000a2a00000|  0%| F|  |TAMS 0x00000000a2900000, 0x00000000a2900000| Untracked 
|  18|0x00000000a2a00000, 0x00000000a2a00000, 0x00000000a2b00000|  0%| F|  |TAMS 0x00000000a2a00000, 0x00000000a2a00000| Untracked 
|  19|0x00000000a2b00000, 0x00000000a2b00000, 0x00000000a2c00000|  0%| F|  |TAMS 0x00000000a2b00000, 0x00000000a2b00000| Untracked 
|  20|0x00000000a2c00000, 0x00000000a2c00000, 0x00000000a2d00000|  0%| F|  |TAMS 0x00000000a2c00000, 0x00000000a2c00000| Untracked 
|  21|0x00000000a2d00000, 0x00000000a2d00000, 0x00000000a2e00000|  0%| F|  |TAMS 0x00000000a2d00000, 0x00000000a2d00000| Untracked 
|  22|0x00000000a2e00000, 0x00000000a2e00000, 0x00000000a2f00000|  0%| F|  |TAMS 0x00000000a2e00000, 0x00000000a2e00000| Untracked 
|  23|0x00000000a2f00000, 0x00000000a2f00000, 0x00000000a3000000|  0%| F|  |TAMS 0x00000000a2f00000, 0x00000000a2f00000| Untracked 
|  24|0x00000000a3000000, 0x00000000a3000000, 0x00000000a3100000|  0%| F|  |TAMS 0x00000000a3000000, 0x00000000a3000000| Untracked 
|  25|0x00000000a3100000, 0x00000000a3100000, 0x00000000a3200000|  0%| F|  |TAMS 0x00000000a3100000, 0x00000000a3100000| Untracked 
|  26|0x00000000a3200000, 0x00000000a3200000, 0x00000000a3300000|  0%| F|  |TAMS 0x00000000a3200000, 0x00000000a3200000| Untracked 
|  27|0x00000000a3300000, 0x00000000a3300000, 0x00000000a3400000|  0%| F|  |TAMS 0x00000000a3300000, 0x00000000a3300000| Untracked 
|  28|0x00000000a3400000, 0x00000000a3400000, 0x00000000a3500000|  0%| F|  |TAMS 0x00000000a3400000, 0x00000000a3400000| Untracked 
|  29|0x00000000a3500000, 0x00000000a3500000, 0x00000000a3600000|  0%| F|  |TAMS 0x00000000a3500000, 0x00000000a3500000| Untracked 
|  30|0x00000000a3600000, 0x00000000a3600000, 0x00000000a3700000|  0%| F|  |TAMS 0x00000000a3600000, 0x00000000a3600000| Untracked 
|  31|0x00000000a3700000, 0x00000000a3700000, 0x00000000a3800000|  0%| F|  |TAMS 0x00000000a3700000, 0x00000000a3700000| Untracked 
|  32|0x00000000a3800000, 0x00000000a3800000, 0x00000000a3900000|  0%| F|  |TAMS 0x00000000a3800000, 0x00000000a3800000| Untracked 
|  33|0x00000000a3900000, 0x00000000a3900000, 0x00000000a3a00000|  0%| F|  |TAMS 0x00000000a3900000, 0x00000000a3900000| Untracked 
|  34|0x00000000a3a00000, 0x00000000a3a00000, 0x00000000a3b00000|  0%| F|  |TAMS 0x00000000a3a00000, 0x00000000a3a00000| Untracked 
|  35|0x00000000a3b00000, 0x00000000a3b00000, 0x00000000a3c00000|  0%| F|  |TAMS 0x00000000a3b00000, 0x00000000a3b00000| Untracked 
|  36|0x00000000a3c00000, 0x00000000a3c00000, 0x00000000a3d00000|  0%| F|  |TAMS 0x00000000a3c00000, 0x00000000a3c00000| Untracked 
|  37|0x00000000a3d00000, 0x00000000a3d00000, 0x00000000a3e00000|  0%| F|  |TAMS 0x00000000a3d00000, 0x00000000a3d00000| Untracked 
|  38|0x00000000a3e00000, 0x00000000a3e00000, 0x00000000a3f00000|  0%| F|  |TAMS 0x00000000a3e00000, 0x00000000a3e00000| Untracked 
|  39|0x00000000a3f00000, 0x00000000a3f00000, 0x00000000a4000000|  0%| F|  |TAMS 0x00000000a3f00000, 0x00000000a3f00000| Untracked 
|  40|0x00000000a4000000, 0x00000000a4000000, 0x00000000a4100000|  0%| F|  |TAMS 0x00000000a4000000, 0x00000000a4000000| Untracked 
|  41|0x00000000a4100000, 0x00000000a4100000, 0x00000000a4200000|  0%| F|  |TAMS 0x00000000a4100000, 0x00000000a4100000| Untracked 
|  42|0x00000000a4200000, 0x00000000a4200000, 0x00000000a4300000|  0%| F|  |TAMS 0x00000000a4200000, 0x00000000a4200000| Untracked 
|  43|0x00000000a4300000, 0x00000000a4300000, 0x00000000a4400000|  0%| F|  |TAMS 0x00000000a4300000, 0x00000000a4300000| Untracked 
|  44|0x00000000a4400000, 0x00000000a4400000, 0x00000000a4500000|  0%| F|  |TAMS 0x00000000a4400000, 0x00000000a4400000| Untracked 
|  45|0x00000000a4500000, 0x00000000a4500000, 0x00000000a4600000|  0%| F|  |TAMS 0x00000000a4500000, 0x00000000a4500000| Untracked 
|  46|0x00000000a4600000, 0x00000000a4600000, 0x00000000a4700000|  0%| F|  |TAMS 0x00000000a4600000, 0x00000000a4600000| Untracked 
|  47|0x00000000a4700000, 0x00000000a4700000, 0x00000000a4800000|  0%| F|  |TAMS 0x00000000a4700000, 0x00000000a4700000| Untracked 
|  48|0x00000000a4800000, 0x00000000a4800000, 0x00000000a4900000|  0%| F|  |TAMS 0x00000000a4800000, 0x00000000a4800000| Untracked 
|  49|0x00000000a4900000, 0x00000000a4900000, 0x00000000a4a00000|  0%| F|  |TAMS 0x00000000a4900000, 0x00000000a4900000| Untracked 
|  50|0x00000000a4a00000, 0x00000000a4a00000, 0x00000000a4b00000|  0%| F|  |TAMS 0x00000000a4a00000, 0x00000000a4a00000| Untracked 
|  51|0x00000000a4b00000, 0x00000000a4b00000, 0x00000000a4c00000|  0%| F|  |TAMS 0x00000000a4b00000, 0x00000000a4b00000| Untracked 
|  52|0x00000000a4c00000, 0x00000000a4c00000, 0x00000000a4d00000|  0%| F|  |TAMS 0x00000000a4c00000, 0x00000000a4c00000| Untracked 
|  53|0x00000000a4d00000, 0x00000000a4d00000, 0x00000000a4e00000|  0%| F|  |TAMS 0x00000000a4d00000, 0x00000000a4d00000| Untracked 
|  54|0x00000000a4e00000, 0x00000000a4e00000, 0x00000000a4f00000|  0%| F|  |TAMS 0x00000000a4e00000, 0x00000000a4e00000| Untracked 
|  55|0x00000000a4f00000, 0x00000000a4f00000, 0x00000000a5000000|  0%| F|  |TAMS 0x00000000a4f00000, 0x00000000a4f00000| Untracked 
|  56|0x00000000a5000000, 0x00000000a5000000, 0x00000000a5100000|  0%| F|  |TAMS 0x00000000a5000000, 0x00000000a5000000| Untracked 
|  57|0x00000000a5100000, 0x00000000a5100000, 0x00000000a5200000|  0%| F|  |TAMS 0x00000000a5100000, 0x00000000a5100000| Untracked 
|  58|0x00000000a5200000, 0x00000000a5200000, 0x00000000a5300000|  0%| F|  |TAMS 0x00000000a5200000, 0x00000000a5200000| Untracked 
|  59|0x00000000a5300000, 0x00000000a5300000, 0x00000000a5400000|  0%| F|  |TAMS 0x00000000a5300000, 0x00000000a5300000| Untracked 
|  60|0x00000000a5400000, 0x00000000a5400000, 0x00000000a5500000|  0%| F|  |TAMS 0x00000000a5400000, 0x00000000a5400000| Untracked 
|  61|0x00000000a5500000, 0x00000000a5500000, 0x00000000a5600000|  0%| F|  |TAMS 0x00000000a5500000, 0x00000000a5500000| Untracked 
|  62|0x00000000a5600000, 0x00000000a5600000, 0x00000000a5700000|  0%| F|  |TAMS 0x00000000a5600000, 0x00000000a5600000| Untracked 
|  63|0x00000000a5700000, 0x00000000a5700000, 0x00000000a5800000|  0%| F|  |TAMS 0x00000000a5700000, 0x00000000a5700000| Untracked 
|  64|0x00000000a5800000, 0x00000000a5800000, 0x00000000a5900000|  0%| F|  |TAMS 0x00000000a5800000, 0x00000000a5800000| Untracked 
|  65|0x00000000a5900000, 0x00000000a5900000, 0x00000000a5a00000|  0%| F|  |TAMS 0x00000000a5900000, 0x00000000a5900000| Untracked 
|  66|0x00000000a5a00000, 0x00000000a5a00000, 0x00000000a5b00000|  0%| F|  |TAMS 0x00000000a5a00000, 0x00000000a5a00000| Untracked 
|  67|0x00000000a5b00000, 0x00000000a5b00000, 0x00000000a5c00000|  0%| F|  |TAMS 0x00000000a5b00000, 0x00000000a5b00000| Untracked 
|  68|0x00000000a5c00000, 0x00000000a5c00000, 0x00000000a5d00000|  0%| F|  |TAMS 0x00000000a5c00000, 0x00000000a5c00000| Untracked 
|  69|0x00000000a5d00000, 0x00000000a5d00000, 0x00000000a5e00000|  0%| F|  |TAMS 0x00000000a5d00000, 0x00000000a5d00000| Untracked 
|  70|0x00000000a5e00000, 0x00000000a5e00000, 0x00000000a5f00000|  0%| F|  |TAMS 0x00000000a5e00000, 0x00000000a5e00000| Untracked 
|  71|0x00000000a5f00000, 0x00000000a5f00000, 0x00000000a6000000|  0%| F|  |TAMS 0x00000000a5f00000, 0x00000000a5f00000| Untracked 
|  72|0x00000000a6000000, 0x00000000a6000000, 0x00000000a6100000|  0%| F|  |TAMS 0x00000000a6000000, 0x00000000a6000000| Untracked 
|  73|0x00000000a6100000, 0x00000000a6100000, 0x00000000a6200000|  0%| F|  |TAMS 0x00000000a6100000, 0x00000000a6100000| Untracked 
|  74|0x00000000a6200000, 0x00000000a6200000, 0x00000000a6300000|  0%| F|  |TAMS 0x00000000a6200000, 0x00000000a6200000| Untracked 
|  75|0x00000000a6300000, 0x00000000a6300000, 0x00000000a6400000|  0%| F|  |TAMS 0x00000000a6300000, 0x00000000a6300000| Untracked 
|  76|0x00000000a6400000, 0x00000000a6400000, 0x00000000a6500000|  0%| F|  |TAMS 0x00000000a6400000, 0x00000000a6400000| Untracked 
|  77|0x00000000a6500000, 0x00000000a6500000, 0x00000000a6600000|  0%| F|  |TAMS 0x00000000a6500000, 0x00000000a6500000| Untracked 
|  78|0x00000000a6600000, 0x00000000a6600000, 0x00000000a6700000|  0%| F|  |TAMS 0x00000000a6600000, 0x00000000a6600000| Untracked 
|  79|0x00000000a6700000, 0x00000000a6700000, 0x00000000a6800000|  0%| F|  |TAMS 0x00000000a6700000, 0x00000000a6700000| Untracked 
|  80|0x00000000a6800000, 0x00000000a6800000, 0x00000000a6900000|  0%| F|  |TAMS 0x00000000a6800000, 0x00000000a6800000| Untracked 
|  81|0x00000000a6900000, 0x00000000a6900000, 0x00000000a6a00000|  0%| F|  |TAMS 0x00000000a6900000, 0x00000000a6900000| Untracked 
|  82|0x00000000a6a00000, 0x00000000a6a00000, 0x00000000a6b00000|  0%| F|  |TAMS 0x00000000a6a00000, 0x00000000a6a00000| Untracked 
|  83|0x00000000a6b00000, 0x00000000a6b00000, 0x00000000a6c00000|  0%| F|  |TAMS 0x00000000a6b00000, 0x00000000a6b00000| Untracked 
|  84|0x00000000a6c00000, 0x00000000a6c00000, 0x00000000a6d00000|  0%| F|  |TAMS 0x00000000a6c00000, 0x00000000a6c00000| Untracked 
|  85|0x00000000a6d00000, 0x00000000a6d00000, 0x00000000a6e00000|  0%| F|  |TAMS 0x00000000a6d00000, 0x00000000a6d00000| Untracked 
|  86|0x00000000a6e00000, 0x00000000a6e00000, 0x00000000a6f00000|  0%| F|  |TAMS 0x00000000a6e00000, 0x00000000a6e00000| Untracked 
|  87|0x00000000a6f00000, 0x00000000a6f00000, 0x00000000a7000000|  0%| F|  |TAMS 0x00000000a6f00000, 0x00000000a6f00000| Untracked 
|  88|0x00000000a7000000, 0x00000000a7000000, 0x00000000a7100000|  0%| F|  |TAMS 0x00000000a7000000, 0x00000000a7000000| Untracked 
|  89|0x00000000a7100000, 0x00000000a7200000, 0x00000000a7200000|100%| S|CS|TAMS 0x00000000a7100000, 0x00000000a7100000| Complete 
|  90|0x00000000a7200000, 0x00000000a7300000, 0x00000000a7300000|100%| S|CS|TAMS 0x00000000a7200000, 0x00000000a7200000| Complete 
|  91|0x00000000a7300000, 0x00000000a7300000, 0x00000000a7400000|  0%| F|  |TAMS 0x00000000a7300000, 0x00000000a7300000| Untracked 
|  92|0x00000000a7400000, 0x00000000a7400000, 0x00000000a7500000|  0%| F|  |TAMS 0x00000000a7400000, 0x00000000a7400000| Untracked 
|  93|0x00000000a7500000, 0x00000000a7500000, 0x00000000a7600000|  0%| F|  |TAMS 0x00000000a7500000, 0x00000000a7500000| Untracked 
|  94|0x00000000a7600000, 0x00000000a7600000, 0x00000000a7700000|  0%| F|  |TAMS 0x00000000a7600000, 0x00000000a7600000| Untracked 
|  95|0x00000000a7700000, 0x00000000a7700000, 0x00000000a7800000|  0%| F|  |TAMS 0x00000000a7700000, 0x00000000a7700000| Untracked 

Card table byte_map: [0x00000294c53a0000,0x00000294c56a0000] _byte_map_base: 0x00000294c4e94000

Marking Bits (Prev, Next): (CMBitMap*) 0x00000294abb71e18, (CMBitMap*) 0x00000294abb71e50
 Prev Bits: [0x00000294c59a0000, 0x00000294c7140000)
 Next Bits: [0x00000294c7140000, 0x00000294c88e0000)

Polling page: 0x00000294abc20000

Metaspace:

Usage:
  Non-class:      6.71 MB capacity,     6.71 MB (>99%) used,     5.45 KB ( <1%) free+waste,     3.56 KB ( <1%) overhead. 
      Class:    654.00 KB capacity,   634.34 KB ( 97%) used,    18.54 KB (  3%) free+waste,     1.13 KB ( <1%) overhead. 
       Both:      7.35 MB capacity,     7.33 MB (>99%) used,    23.99 KB ( <1%) free+waste,     4.69 KB ( <1%) overhead. 

Virtual space:
  Non-class space:       16.00 MB reserved,       6.75 MB ( 42%) committed 
      Class space:        1.00 GB reserved,     768.00 KB ( <1%) committed 
             Both:        1.02 GB reserved,       7.50 MB ( <1%) committed 

Chunk freelists:
   Non-Class:  36.00 KB
       Class:  18.00 KB
        Both:  54.00 KB

MaxMetaspaceSize: 17179869184.00 GB
CompressedClassSpaceSize: 1.00 GB
Initial GC threshold: 20.80 MB
Current GC threshold: 21.12 MB
CDS: off

CodeHeap 'non-profiled nmethods': size=120064Kb used=66Kb max_used=66Kb free=119997Kb
 bounds [0x00000294bd540000, 0x00000294bd7b0000, 0x00000294c4a80000]
CodeHeap 'profiled nmethods': size=120000Kb used=412Kb max_used=412Kb free=119587Kb
 bounds [0x00000294b6010000, 0x00000294b6280000, 0x00000294bd540000]
CodeHeap 'non-nmethods': size=5696Kb used=1102Kb max_used=1112Kb free=4593Kb
 bounds [0x00000294b5a80000, 0x00000294b5cf0000, 0x00000294b6010000]
 total_blobs=625 nmethods=278 adapters=260
 compilation: enabled
              stopped_count=0, restarted_count=0
 full_count=0

Compilation events (20 events):
Event: 6.050 Thread 0x00000294cb8aa000 nmethod 269 0x00000294b6074590 code [0x00000294b6074760, 0x00000294b6074a98]
Event: 6.050 Thread 0x00000294cb8aa000  270       3       java.util.regex.Pattern$BmpCharProperty::match (55 bytes)
Event: 6.050 Thread 0x00000294cb8aa000 nmethod 270 0x00000294b6074c90 code [0x00000294b6074e80, 0x00000294b60752e8]
Event: 6.050 Thread 0x00000294cb8aa000  271       3       java.util.regex.Pattern$$Lambda$3/0x0000000100066c40::is (9 bytes)
Event: 6.050 Thread 0x00000294cb8aa000 nmethod 271 0x00000294b6075490 code [0x00000294b6075640, 0x00000294b60757f8]
Event: 6.050 Thread 0x00000294cb8aa000  272       3       java.util.regex.Pattern::lambda$Single$8 (11 bytes)
Event: 6.050 Thread 0x00000294cb8aa000 nmethod 272 0x00000294b6075890 code [0x00000294b6075a40, 0x00000294b6075b78]
Event: 6.051 Thread 0x00000294cb8a3000 nmethod 273 0x00000294bd54ff90 code [0x00000294bd550120, 0x00000294bd5501f8]
Event: 6.051 Thread 0x00000294cb8aa000  274       3       java.lang.String::lastIndexOf (29 bytes)
Event: 6.051 Thread 0x00000294cb8aa000 nmethod 274 0x00000294b6075c10 code [0x00000294b6075de0, 0x00000294b6076058]
Event: 6.051 Thread 0x00000294cb8aa000  276       3       java.util.regex.Pattern$Branch::match (66 bytes)
Event: 6.051 Thread 0x00000294cb8aa000 nmethod 276 0x00000294b6076190 code [0x00000294b6076380, 0x00000294b6076818]
Event: 6.051 Thread 0x00000294cb8aa000  275       3       java.lang.String::lastIndexOf (12 bytes)
Event: 6.052 Thread 0x00000294cb8a3000  277       4       java.lang.String::length (11 bytes)
Event: 6.052 Thread 0x00000294cb8aa000 nmethod 275 0x00000294b6076a10 code [0x00000294b6076c00, 0x00000294b6076fd8]
Event: 6.052 Thread 0x00000294cb8aa000  279       3       java.math.BigInteger::<init> (404 bytes)
Event: 6.052 Thread 0x00000294cb8a3000 nmethod 277 0x00000294bd550310 code [0x00000294bd5504a0, 0x00000294bd550518]
Event: 6.052 Thread 0x00000294cb8a3000  278       4       java.lang.Character::digit (6 bytes)
Event: 6.054 Thread 0x00000294cb8a3000 nmethod 278 0x00000294bd550610 code [0x00000294bd5507a0, 0x00000294bd550878]
Event: 6.054 Thread 0x00000294cb8a3000  282       4       java.math.BigInteger::destructiveMulAdd (150 bytes)

GC Heap History (0 events):
No events

Deoptimization events (4 events):
Event: 0.436 Thread 0x00000294abb3b000 Uncommon trap: trap_request=0xffffff4d fr.pc=0x00000294bd5444a4 relative=0x0000000000000184
Event: 0.436 Thread 0x00000294abb3b000 Uncommon trap: reason=unstable_if action=reinterpret pc=0x00000294bd5444a4 method=java.lang.String.hashCode()I @ 14 c2
Event: 0.436 Thread 0x00000294abb3b000 DEOPT PACKING pc=0x00000294bd5444a4 sp=0x000000a2372fdbb0
Event: 0.436 Thread 0x00000294abb3b000 DEOPT UNPACKING pc=0x00000294b5aca1af sp=0x000000a2372fdb48 mode 2

Classes redefined (0 events):
No events

Internal exceptions (0 events):
No events

Events (20 events):
Event: 5.949 loading class java/security/spec/EllipticCurve done
Event: 5.949 loading class java/security/spec/ECPoint
Event: 5.949 loading class java/security/spec/ECPoint done
Event: 5.949 loading class sun/security/util/NamedCurve
Event: 6.044 loading class java/security/spec/ECParameterSpec
Event: 6.044 loading class java/security/spec/AlgorithmParameterSpec
Event: 6.044 loading class java/security/spec/AlgorithmParameterSpec done
Event: 6.044 loading class java/security/spec/ECParameterSpec done
Event: 6.044 loading class sun/security/util/NamedCurve done
Event: 6.050 loading class java/security/spec/ECFieldF2m
Event: 6.050 loading class java/security/spec/ECFieldF2m done
Event: 6.056 loading class java/util/LinkedHashMap$LinkedValues
Event: 6.056 loading class java/util/LinkedHashMap$LinkedValues done
Event: 6.056 loading class sun/security/util/DisabledAlgorithmConstraints$KeySizeConstraint
Event: 6.229 loading class sun/security/util/DisabledAlgorithmConstraints$KeySizeConstraint done
Event: 6.229 loading class sun/security/util/DisabledAlgorithmConstraints$Constraint$Operator
Event: 6.229 loading class sun/security/util/DisabledAlgorithmConstraints$Constraint$Operator done
Event: 6.229 loading class sun/security/util/DisabledAlgorithmConstraints$1
Event: 6.229 loading class sun/security/util/DisabledAlgorithmConstraints$1 done
Event: 6.231 loading class sun/security/pkcs/PKCS9Attributes


Dynamic libraries:
0x00007ff6354e0000 - 0x00007ff6354ed000 	C:\Program Files\OpenJDK\openjdk-11.0.15_10\bin\java.exe
0x00007ff869f10000 - 0x00007ff86a108000 	C:\WINDOWS\SYSTEM32\ntdll.dll
0x00007ff869ae0000 - 0x00007ff869b9f000 	C:\WINDOWS\System32\KERNEL32.DLL
0x00007ff8678a0000 - 0x00007ff867b72000 	C:\WINDOWS\System32\KERNELBASE.dll
0x00007ff867c90000 - 0x00007ff867d90000 	C:\WINDOWS\System32\ucrtbase.dll
0x00007ff843fc0000 - 0x00007ff843fd8000 	C:\Program Files\OpenJDK\openjdk-11.0.15_10\bin\jli.dll
0x00007ff849e70000 - 0x00007ff849e86000 	C:\Program Files\OpenJDK\openjdk-11.0.15_10\bin\VCRUNTIME140.dll
0x00007ff868870000 - 0x00007ff868a11000 	C:\WINDOWS\System32\USER32.dll
0x00007ff867ef0000 - 0x00007ff867f12000 	C:\WINDOWS\System32\win32u.dll
0x00007ff849b90000 - 0x00007ff849e2a000 	C:\WINDOWS\WinSxS\amd64_microsoft.windows.common-controls_6595b64144ccf1df_6.0.19041.1110_none_60b5254171f9507e\COMCTL32.dll
0x00007ff8692b0000 - 0x00007ff8692db000 	C:\WINDOWS\System32\GDI32.dll
0x00007ff869c00000 - 0x00007ff869c9e000 	C:\WINDOWS\System32\msvcrt.dll
0x00007ff867b80000 - 0x00007ff867c8f000 	C:\WINDOWS\System32\gdi32full.dll
0x00007ff8676c0000 - 0x00007ff86775d000 	C:\WINDOWS\System32\msvcp_win.dll
0x00007ff869000000 - 0x00007ff869032000 	C:\WINDOWS\System32\IMM32.DLL
0x00007ff828180000 - 0x00007ff82822a000 	C:\Program Files\OpenJDK\openjdk-11.0.15_10\bin\msvcp140.dll
0x00007ff815c00000 - 0x00007ff816751000 	C:\Program Files\OpenJDK\openjdk-11.0.15_10\bin\server\jvm.dll
0x00007ff868f10000 - 0x00007ff868fbe000 	C:\WINDOWS\System32\ADVAPI32.dll
0x00007ff868390000 - 0x00007ff86842c000 	C:\WINDOWS\System32\sechost.dll
0x00007ff869120000 - 0x00007ff869245000 	C:\WINDOWS\System32\RPCRT4.dll
0x00007ff868fe0000 - 0x00007ff868fe8000 	C:\WINDOWS\System32\PSAPI.DLL
0x00007ff84bcb0000 - 0x00007ff84bcb9000 	C:\WINDOWS\SYSTEM32\WSOCK32.dll
0x00007ff855c40000 - 0x00007ff855c67000 	C:\WINDOWS\SYSTEM32\WINMM.dll
0x00007ff855fa0000 - 0x00007ff855faa000 	C:\WINDOWS\SYSTEM32\VERSION.dll
0x00007ff869d30000 - 0x00007ff869d9b000 	C:\WINDOWS\System32\WS2_32.dll
0x00007ff8654c0000 - 0x00007ff8654d2000 	C:\WINDOWS\SYSTEM32\kernel.appcore.dll
0x00007ff843030000 - 0x00007ff843041000 	C:\Program Files\OpenJDK\openjdk-11.0.15_10\bin\verify.dll
0x00007ff8577d0000 - 0x00007ff8579b4000 	C:\WINDOWS\SYSTEM32\DBGHELP.DLL
0x00007ff857700000 - 0x00007ff857735000 	C:\WINDOWS\SYSTEM32\dbgcore.DLL
0x00007ff867760000 - 0x00007ff8677e2000 	C:\WINDOWS\System32\bcryptPrimitives.dll
0x00007ff840ca0000 - 0x00007ff840cc9000 	C:\Program Files\OpenJDK\openjdk-11.0.15_10\bin\java.dll
0x00007ff844e30000 - 0x00007ff844e3a000 	C:\Program Files\OpenJDK\openjdk-11.0.15_10\bin\jimage.dll
0x00007ff841810000 - 0x00007ff841828000 	C:\Program Files\OpenJDK\openjdk-11.0.15_10\bin\zip.dll
0x00007ff869390000 - 0x00007ff869ad4000 	C:\WINDOWS\System32\SHELL32.dll
0x00007ff8656c0000 - 0x00007ff865e52000 	C:\WINDOWS\SYSTEM32\windows.storage.dll
0x00007ff867f50000 - 0x00007ff8682a5000 	C:\WINDOWS\System32\combase.dll
0x00007ff867060000 - 0x00007ff867090000 	C:\WINDOWS\SYSTEM32\Wldp.dll
0x00007ff868490000 - 0x00007ff86853d000 	C:\WINDOWS\System32\SHCORE.dll
0x00007ff868430000 - 0x00007ff868485000 	C:\WINDOWS\System32\shlwapi.dll
0x00007ff867540000 - 0x00007ff86755f000 	C:\WINDOWS\SYSTEM32\profapi.dll
0x00007ff840c80000 - 0x00007ff840c99000 	C:\Program Files\OpenJDK\openjdk-11.0.15_10\bin\net.dll
0x00007ff85ef80000 - 0x00007ff85f08c000 	C:\WINDOWS\SYSTEM32\WINHTTP.dll
0x00007ff866dc0000 - 0x00007ff866e2a000 	C:\WINDOWS\system32\mswsock.dll
0x00007ff840c60000 - 0x00007ff840c73000 	C:\Program Files\OpenJDK\openjdk-11.0.15_10\bin\nio.dll

dbghelp: loaded successfully - version: 4.0.5 - missing functions: none
symbol engine: initialized successfully - sym options: 0x614 - pdb path: .;C:\Program Files\OpenJDK\openjdk-11.0.15_10\bin;C:\WINDOWS\SYSTEM32;C:\WINDOWS\WinSxS\amd64_microsoft.windows.common-controls_6595b64144ccf1df_6.0.19041.1110_none_60b5254171f9507e;C:\Program Files\OpenJDK\openjdk-11.0.15_10\bin\server

VM Arguments:
jvm_args: -Dfile.encoding=utf8 
java_command: c:\Users\Ricar\.vscode\extensions\vscjava.vscode-gradle-3.12.6\lib\gradle-language-server.jar
java_class_path (initial): c:\Users\Ricar\.vscode\extensions\vscjava.vscode-gradle-3.12.6\lib\gradle-language-server.jar
Launcher Type: SUN_STANDARD

[Global flags]
     intx CICompilerCount                          = 3                                         {product} {ergonomic}
     uint ConcGCThreads                            = 1                                         {product} {ergonomic}
     uint G1ConcRefinementThreads                  = 4                                         {product} {ergonomic}
   size_t G1HeapRegionSize                         = 1048576                                   {product} {ergonomic}
    uintx GCDrainStackTargetSize                   = 64                                        {product} {ergonomic}
   size_t InitialHeapSize                          = 100663296                                 {product} {ergonomic}
   size_t MarkStackSize                            = 4194304                                   {product} {ergonomic}
   size_t MaxHeapSize                              = 1585446912                                {product} {ergonomic}
   size_t MaxNewSize                               = 951058432                                 {product} {ergonomic}
   size_t MinHeapDeltaBytes                        = 1048576                                   {product} {ergonomic}
    uintx NonNMethodCodeHeapSize                   = 5830732                                {pd product} {ergonomic}
    uintx NonProfiledCodeHeapSize                  = 122913754                              {pd product} {ergonomic}
    uintx ProfiledCodeHeapSize                     = 122913754                              {pd product} {ergonomic}
    uintx ReservedCodeCacheSize                    = 251658240                              {pd product} {ergonomic}
     bool SegmentedCodeCache                       = true                                      {product} {ergonomic}
     bool UseCompressedClassPointers               = true                                 {lp64_product} {ergonomic}
     bool UseCompressedOops                        = true                                 {lp64_product} {ergonomic}
     bool UseG1GC                                  = true                                      {product} {ergonomic}
     bool UseLargePagesIndividualAllocation        = false                                  {pd product} {ergonomic}

Logging:
Log output configuration:
 #0: stdout all=warning uptime,level,tags
 #1: stderr all=off uptime,level,tags

Environment Variables:
JAVA_HOME=C:\Program Files\OpenJDK\openjdk-11.0.15_10
PATH=C:\Program Files\Common Files\Oracle\Java\javapath;C:\Program Files (x86)\Common Files\Oracle\Java\javapath;C:\Python310\Scripts\;C:\Python310\;C:\WINDOWS\system32;C:\WINDOWS;C:\WINDOWS\System32\Wbem;C:\WINDOWS\System32\WindowsPowerShell\v1.0\;C:\WINDOWS\System32\OpenSSH\;C:\ProgramData\chocolatey\bin;C:\Users\Ricar\AppData\Roaming\npm;C:\Users\Ricar\AppData\Local\Android\Sdk\platform-tools;C:\Program Files\Git\cmd;C:\Program Files\Git\mingw64\bin;C:\Program Files\Git\usr\bin;C:\Program Files\OpenJDK\openjdk-11.0.15_10\bin;C:\Program Files\MongoDB\Server\5.0\bin;C:\Program Files (x86)\dotnet\;C:\Program Files\Genymobile\Genymotion\tools;C:\Program Files\nodejs\;C:\xampp\php;C:\ProgramData\ComposerSetup\bin;C:\Program Files\Genymobile\Genymotion;C:\Users\Ricar\AppData\Local\Microsoft\WindowsApps;C:\Users\Ricar\AppData\Local\Programs\Microsoft VS Code\bin;C:\Program Files\JetBrains\PyCharm Community Edition 2021.3.2\bin;;C:\Users\Ricar\AppData\Local\Android\Sdk\platform-tools;C:\Program Files\heroku\bin;C:\Users\Ricar\AppData\Local\Android\Sdk\platforms-tools;C:\Users\Ricar\AppData\Roaming\npm;C:\Users\Ricar\AppData\Roaming\Composer\vendor\bin
USERNAME=Ricar
OS=Windows_NT
PROCESSOR_IDENTIFIER=Intel64 Family 6 Model 69 Stepping 1, GenuineIntel



---------------  S Y S T E M  ---------------

OS: Windows 10 , 64 bit Build 19041 (10.0.19041.2364)
OS uptime: 0 days 1:36 hours

CPU:total 4 (initial active 4) (2 cores per cpu, 2 threads per core) family 6 model 69 stepping 1 microcode 0x25, cmov, cx8, fxsr, mmx, sse, sse2, sse3, ssse3, sse4.1, sse4.2, popcnt, avx, avx2, aes, clmul, erms, lzcnt, ht, tsc, tscinvbit, bmi1, bmi2, fma

Memory: 4k page, system-wide physical 6040M (670M free)
TotalPageFile size 10040M (AvailPageFile size 5M)
current process WorkingSet (physical memory assigned to process): 41M, peak: 41M
current process commit charge ("private bytes"): 165M, peak: 166M

vm_info: OpenJDK 64-Bit Server VM (11.0.15+10) for windows-amd64 JRE (11.0.15+10), built on Apr 21 2022 21:29:46 by "tester" with MS VC++ 15.5 (VS2017)

END.
